This file contains any messages produced by compilers while
running configure, to aid debugging if configure makes a mistake.

It was created by TreeMatch configure 1.4, which was
generated by GNU Autoconf 2.69.  Invocation command line was

  $ ./configure 

## --------- ##
## Platform. ##
## --------- ##

hostname = chenqixiandeMacBook-Pro.local
uname -m = x86_64
uname -r = 18.5.0
uname -s = Darwin
uname -v = Darwin Kernel Version 18.5.0: Mon Mar 11 20:40:32 PDT 2019; root:xnu-4903.251.3~3/RELEASE_X86_64

/usr/bin/uname -p = i386
/bin/uname -X     = unknown

/bin/arch              = unknown
/usr/bin/arch -k       = unknown
/usr/convex/getsysinfo = unknown
/usr/bin/hostinfo      = Mach kernel version:
	 Darwin Kernel Version 18.5.0: Mon Mar 11 20:40:32 PDT 2019; root:xnu-4903.251.3~3/RELEASE_X86_64
Kernel configured for up to 4 processors.
2 processors are physically available.
4 processors are logically available.
Processor type: i486 (Intel 80486)
Processors active: 0 1 2 3
Primary memory available: 8.00 gigabytes
Default processor set: 351 tasks, 1414 threads, 4 processors
Load average: 2.48, Mach factor: 2.03
/bin/machine           = unknown
/usr/bin/oslevel       = unknown
/bin/universe          = unknown

PATH: /Users/chenqixian/anaconda3/bin
PATH: //anaconda3/condabin
PATH: /usr/local/bin
PATH: /usr/bin
PATH: /bin
PATH: /usr/sbin
PATH: /sbin
PATH: /Applications/VMware Fusion.app/Contents/Public
PATH: /usr/local/Cellar/gcc@8/8.3.0/bin


## ----------- ##
## Core tests. ##
## ----------- ##

configure:2335: checking for a BSD-compatible install
configure:2403: result: /usr/bin/install -c
configure:2414: checking whether build environment is sane
configure:2469: result: yes
configure:2620: checking for a thread-safe mkdir -p
configure:2659: result: build-aux/install-sh -c -d
configure:2666: checking for gawk
configure:2696: result: no
configure:2666: checking for mawk
configure:2696: result: no
configure:2666: checking for nawk
configure:2696: result: no
configure:2666: checking for awk
configure:2682: found /usr/bin/awk
configure:2693: result: awk
configure:2704: checking whether make sets $(MAKE)
configure:2726: result: yes
configure:2755: checking whether make supports nested variables
configure:2772: result: yes
configure:2955: checking for pkg-config
configure:2988: result: no
configure:3041: checking for style of include used by make
configure:3069: result: GNU
configure:3140: checking for gcc
configure:3156: found /usr/local/bin/gcc
configure:3167: result: gcc
configure:3396: checking for C compiler version
configure:3405: gcc --version >&5
gcc (Homebrew GCC 8.3.0) 8.3.0
Copyright (C) 2018 Free Software Foundation, Inc.
This is free software; see the source for copying conditions.  There is NO
warranty; not even for MERCHANTABILITY or FITNESS FOR A PARTICULAR PURPOSE.

configure:3416: $? = 0
configure:3405: gcc -v >&5
Using built-in specs.
COLLECT_GCC=gcc
COLLECT_LTO_WRAPPER=/usr/local/Cellar/gcc@8/8.3.0/libexec/gcc/x86_64-apple-darwin18/8.3.0/lto-wrapper
Target: x86_64-apple-darwin18
Configured with: ../configure --build=x86_64-apple-darwin18 --prefix=/usr/local/Cellar/gcc@8/8.3.0 --libdir=/usr/local/Cellar/gcc@8/8.3.0/lib/gcc/8 --disable-nls --enable-checking=release --enable-languages=c,c++,objc,obj-c++,fortran --program-suffix=-8 --with-gmp=/usr/local/opt/gmp --with-mpfr=/usr/local/opt/mpfr --with-mpc=/usr/local/opt/libmpc --with-isl=/usr/local/opt/isl --with-system-zlib --with-pkgversion='Homebrew GCC 8.3.0' --with-bugurl=https://github.com/Homebrew/homebrew-core/issues --disable-multilib --with-native-system-header-dir=/usr/include --with-sysroot=/Library/Developer/CommandLineTools/SDKs/MacOSX.sdk
Thread model: posix
gcc version 8.3.0 (Homebrew GCC 8.3.0) 
configure:3416: $? = 0
configure:3405: gcc -V >&5
gcc: error: unrecognized command line option '-V'
gcc: fatal error: no input files
compilation terminated.
configure:3416: $? = 1
configure:3405: gcc -qversion >&5
gcc: error: unrecognized command line option '-qversion'; did you mean '--version'?
gcc: fatal error: no input files
compilation terminated.
configure:3416: $? = 1
configure:3436: checking whether the C compiler works
configure:3458: gcc  -I/usr/local/include  -I/usr/local/include  -L/usr/local/lib conftest.c  >&5
configure:3462: $? = 0
configure:3510: result: yes
configure:3513: checking for C compiler default output file name
configure:3515: result: a.out
configure:3521: checking for suffix of executables
configure:3528: gcc -o conftest  -I/usr/local/include  -I/usr/local/include  -L/usr/local/lib conftest.c  >&5
configure:3532: $? = 0
configure:3554: result: 
configure:3576: checking whether we are cross compiling
configure:3584: gcc -o conftest  -I/usr/local/include  -I/usr/local/include  -L/usr/local/lib conftest.c  >&5
configure:3588: $? = 0
configure:3595: ./conftest
configure:3599: $? = 0
configure:3614: result: no
configure:3619: checking for suffix of object files
configure:3641: gcc -c  -I/usr/local/include  -I/usr/local/include conftest.c >&5
configure:3645: $? = 0
configure:3666: result: o
configure:3670: checking whether we are using the GNU C compiler
configure:3689: gcc -c  -I/usr/local/include  -I/usr/local/include conftest.c >&5
configure:3689: $? = 0
configure:3698: result: yes
configure:3707: checking whether gcc accepts -g
configure:3727: gcc -c -g  -I/usr/local/include conftest.c >&5
configure:3727: $? = 0
configure:3768: result: yes
configure:3785: checking for gcc option to accept ISO C89
configure:3848: gcc  -c  -I/usr/local/include  -I/usr/local/include conftest.c >&5
configure:3848: $? = 0
configure:3861: result: none needed
configure:3886: checking whether gcc understands -c and -o together
configure:3908: gcc -c conftest.c -o conftest2.o
configure:3911: $? = 0
configure:3908: gcc -c conftest.c -o conftest2.o
configure:3911: $? = 0
configure:3923: result: yes
configure:3942: checking dependency style of gcc
configure:4053: result: gcc3
configure:4118: checking for ar
configure:4134: found /usr/bin/ar
configure:4145: result: ar
configure:4171: checking the archiver (ar) interface
configure:4187: gcc -c  -I/usr/local/include  -I/usr/local/include conftest.c >&5
configure:4187: $? = 0
configure:4189: ar cru libconftest.a conftest.o >&5
configure:4192: $? = 0
configure:4220: result: ar
configure:4270: checking build system type
configure:4284: result: x86_64-apple-darwin18.5.0
configure:4304: checking host system type
configure:4317: result: x86_64-apple-darwin18.5.0
configure:4358: checking how to print strings
configure:4385: result: printf
configure:4406: checking for a sed that does not truncate output
configure:4470: result: /usr/bin/sed
configure:4488: checking for grep that handles long lines and -e
configure:4546: result: /usr/bin/grep
configure:4551: checking for egrep
configure:4613: result: /usr/bin/grep -E
configure:4618: checking for fgrep
configure:4680: result: /usr/bin/grep -F
configure:4715: checking for ld used by gcc
configure:4782: result: /usr/bin/ld
configure:4789: checking if the linker (/usr/bin/ld) is GNU ld
configure:4804: result: no
configure:4816: checking for BSD- or MS-compatible name lister (nm)
configure:4870: result: /usr/bin/nm -B
configure:5000: checking the name lister (/usr/bin/nm -B) interface
configure:5007: gcc -c  -I/usr/local/include  -I/usr/local/include conftest.c >&5
configure:5010: /usr/bin/nm -B "conftest.o"
configure:5013: output
0000000000000000 S _some_variable
configure:5020: result: BSD nm
configure:5023: checking whether ln -s works
configure:5027: result: yes
configure:5035: checking the maximum length of command line arguments
configure:5166: result: 196608
configure:5214: checking how to convert x86_64-apple-darwin18.5.0 file names to x86_64-apple-darwin18.5.0 format
configure:5254: result: func_convert_file_noop
configure:5261: checking how to convert x86_64-apple-darwin18.5.0 file names to toolchain format
configure:5281: result: func_convert_file_noop
configure:5288: checking for /usr/bin/ld option to reload object files
configure:5295: result: -r
configure:5369: checking for objdump
configure:5385: found /usr/bin/objdump
configure:5396: result: objdump
configure:5428: checking how to recognize dependent libraries
configure:5628: result: pass_all
configure:5713: checking for dlltool
configure:5743: result: no
configure:5773: checking how to associate runtime and link libraries
configure:5800: result: printf %s\n
configure:5924: checking for archiver @FILE support
configure:5941: gcc -c  -I/usr/local/include  -I/usr/local/include conftest.c >&5
configure:5941: $? = 0
configure:5944: ar cru libconftest.a @conftest.lst >&5
ar: @conftest.lst: No such file or directory
configure:5947: $? = 1
configure:5967: result: no
configure:6025: checking for strip
configure:6041: found /usr/bin/strip
configure:6052: result: strip
configure:6124: checking for ranlib
configure:6140: found /usr/bin/ranlib
configure:6151: result: ranlib
configure:6253: checking command to parse /usr/bin/nm -B output from gcc object
configure:6406: gcc -c  -I/usr/local/include  -I/usr/local/include conftest.c >&5
configure:6409: $? = 0
configure:6413: /usr/bin/nm -B conftest.o \| sed -n -e 's/^.*[ ]\([BCDEGRST][BCDEGRST]*\)[ ][ ]*\([_A-Za-z][_A-Za-z0-9]*\)$/\1 \2 \2/p' | sed '/ __gnu_lto/d' \> conftest.nm
configure:6416: $? = 0
cannot find nm_test_var in conftest.nm
configure:6406: gcc -c  -I/usr/local/include  -I/usr/local/include conftest.c >&5
configure:6409: $? = 0
configure:6413: /usr/bin/nm -B conftest.o \| sed -n -e 's/^.*[ ]\([BCDEGRST][BCDEGRST]*\)[ ][ ]*_\([_A-Za-z][_A-Za-z0-9]*\)$/\1 _\2 \2/p' | sed '/ __gnu_lto/d' \> conftest.nm
configure:6416: $? = 0
configure:6482: gcc -o conftest  -I/usr/local/include  -I/usr/local/include  -L/usr/local/lib conftest.c conftstm.o >&5
configure:6485: $? = 0
configure:6523: result: ok
configure:6570: checking for sysroot
configure:6600: result: no
configure:6607: checking for a working dd
configure:6645: result: /bin/dd
configure:6649: checking how to truncate binary pipes
configure:6664: result: /bin/dd bs=4096 count=1
configure:6993: checking for mt
configure:7023: result: no
configure:7043: checking if : is a manifest tool
configure:7049: : '-?'
configure:7057: result: no
configure:7113: checking for dsymutil
configure:7129: found /usr/bin/dsymutil
configure:7140: result: dsymutil
configure:7205: checking for nmedit
configure:7221: found /usr/bin/nmedit
configure:7232: result: nmedit
configure:7297: checking for lipo
configure:7313: found /usr/bin/lipo
configure:7324: result: lipo
configure:7389: checking for otool
configure:7405: found /usr/bin/otool
configure:7416: result: otool
configure:7481: checking for otool64
configure:7511: result: no
configure:7556: checking for -single_module linker flag
gcc  -I/usr/local/include  -L/usr/local/lib -o libconftest.dylib -dynamiclib -Wl,-single_module conftest.c
configure:7589: result: yes
configure:7592: checking for -exported_symbols_list linker flag
configure:7612: gcc -o conftest  -I/usr/local/include  -I/usr/local/include  -L/usr/local/lib -Wl,-exported_symbols_list,conftest.sym conftest.c  >&5
configure:7612: $? = 0
configure:7622: result: yes
configure:7625: checking for -force_load linker flag
gcc  -I/usr/local/include -c -o conftest.o conftest.c
ar cru libconftest.a conftest.o
ranlib libconftest.a
gcc  -I/usr/local/include  -L/usr/local/lib -o conftest conftest.c -Wl,-force_load,./libconftest.a
configure:7657: result: yes
configure:7734: checking how to run the C preprocessor
configure:7765: gcc -E  -I/usr/local/include conftest.c
configure:7765: $? = 0
configure:7779: gcc -E  -I/usr/local/include conftest.c
conftest.c:11:10: fatal error: ac_nonexistent.h: No such file or directory
 #include <ac_nonexistent.h>
          ^~~~~~~~~~~~~~~~~~
compilation terminated.
configure:7779: $? = 1
configure: failed program was:
| /* confdefs.h */
| #define PACKAGE_NAME "TreeMatch"
| #define PACKAGE_TARNAME "treematch"
| #define PACKAGE_VERSION "1.4"
| #define PACKAGE_STRING "TreeMatch 1.4"
| #define PACKAGE_BUGREPORT "emmanuel.jeannot@inria.fr"
| #define PACKAGE_URL ""
| #define PACKAGE "treematch"
| #define VERSION "1.4"
| /* end confdefs.h.  */
| #include <ac_nonexistent.h>
configure:7804: result: gcc -E
configure:7824: gcc -E  -I/usr/local/include conftest.c
configure:7824: $? = 0
configure:7838: gcc -E  -I/usr/local/include conftest.c
conftest.c:11:10: fatal error: ac_nonexistent.h: No such file or directory
 #include <ac_nonexistent.h>
          ^~~~~~~~~~~~~~~~~~
compilation terminated.
configure:7838: $? = 1
configure: failed program was:
| /* confdefs.h */
| #define PACKAGE_NAME "TreeMatch"
| #define PACKAGE_TARNAME "treematch"
| #define PACKAGE_VERSION "1.4"
| #define PACKAGE_STRING "TreeMatch 1.4"
| #define PACKAGE_BUGREPORT "emmanuel.jeannot@inria.fr"
| #define PACKAGE_URL ""
| #define PACKAGE "treematch"
| #define VERSION "1.4"
| /* end confdefs.h.  */
| #include <ac_nonexistent.h>
configure:7867: checking for ANSI C header files
configure:7887: gcc -c  -I/usr/local/include  -I/usr/local/include conftest.c >&5
configure:7887: $? = 0
configure:7960: gcc -o conftest  -I/usr/local/include  -I/usr/local/include  -L/usr/local/lib conftest.c  >&5
configure:7960: $? = 0
configure:7960: ./conftest
configure:7960: $? = 0
configure:7971: result: yes
configure:7984: checking for sys/types.h
configure:7984: gcc -c  -I/usr/local/include  -I/usr/local/include conftest.c >&5
configure:7984: $? = 0
configure:7984: result: yes
configure:7984: checking for sys/stat.h
configure:7984: gcc -c  -I/usr/local/include  -I/usr/local/include conftest.c >&5
configure:7984: $? = 0
configure:7984: result: yes
configure:7984: checking for stdlib.h
configure:7984: gcc -c  -I/usr/local/include  -I/usr/local/include conftest.c >&5
configure:7984: $? = 0
configure:7984: result: yes
configure:7984: checking for string.h
configure:7984: gcc -c  -I/usr/local/include  -I/usr/local/include conftest.c >&5
configure:7984: $? = 0
configure:7984: result: yes
configure:7984: checking for memory.h
configure:7984: gcc -c  -I/usr/local/include  -I/usr/local/include conftest.c >&5
configure:7984: $? = 0
configure:7984: result: yes
configure:7984: checking for strings.h
configure:7984: gcc -c  -I/usr/local/include  -I/usr/local/include conftest.c >&5
configure:7984: $? = 0
configure:7984: result: yes
configure:7984: checking for inttypes.h
configure:7984: gcc -c  -I/usr/local/include  -I/usr/local/include conftest.c >&5
configure:7984: $? = 0
configure:7984: result: yes
configure:7984: checking for stdint.h
configure:7984: gcc -c  -I/usr/local/include  -I/usr/local/include conftest.c >&5
configure:7984: $? = 0
configure:7984: result: yes
configure:7984: checking for unistd.h
configure:7984: gcc -c  -I/usr/local/include  -I/usr/local/include conftest.c >&5
configure:7984: $? = 0
configure:7984: result: yes
configure:7998: checking for dlfcn.h
configure:7998: gcc -c  -I/usr/local/include  -I/usr/local/include conftest.c >&5
configure:7998: $? = 0
configure:7998: result: yes
configure:8254: checking for objdir
configure:8269: result: .libs
configure:8533: checking if gcc supports -fno-rtti -fno-exceptions
configure:8551: gcc -c  -I/usr/local/include  -I/usr/local/include -fno-rtti -fno-exceptions conftest.c >&5
cc1: warning: command line option '-fno-rtti' is valid for C++/ObjC++ but not for C
configure:8555: $? = 0
configure:8568: result: no
configure:8926: checking for gcc option to produce PIC
configure:8933: result: -fno-common -DPIC
configure:8941: checking if gcc PIC flag -fno-common -DPIC works
configure:8959: gcc -c  -I/usr/local/include  -I/usr/local/include -fno-common -DPIC -DPIC conftest.c >&5
configure:8963: $? = 0
configure:8976: result: yes
configure:9005: checking if gcc static flag -static works
configure:9033: result: no
configure:9048: checking if gcc supports -c -o file.o
configure:9069: gcc -c  -I/usr/local/include  -I/usr/local/include -o out/conftest2.o conftest.c >&5
configure:9073: $? = 0
configure:9095: result: yes
configure:9103: checking if gcc supports -c -o file.o
configure:9150: result: yes
configure:9183: checking whether the gcc linker (/usr/bin/ld) supports shared libraries
configure:10442: result: yes
configure:10682: checking dynamic linker characteristics
configure:11500: result: darwin18.5.0 dyld
configure:11622: checking how to hardcode library paths into programs
configure:11647: result: immediate
configure:12195: checking whether stripping libraries is possible
configure:12209: result: yes
configure:12235: checking if libtool supports shared libraries
configure:12237: result: yes
configure:12240: checking whether to build shared libraries
configure:12265: result: yes
configure:12268: checking whether to build static libraries
configure:12272: result: yes
configure:12361: checking for gcc
configure:12388: result: gcc
configure:12617: checking for C compiler version
configure:12626: gcc --version >&5
gcc (Homebrew GCC 8.3.0) 8.3.0
Copyright (C) 2018 Free Software Foundation, Inc.
This is free software; see the source for copying conditions.  There is NO
warranty; not even for MERCHANTABILITY or FITNESS FOR A PARTICULAR PURPOSE.

configure:12637: $? = 0
configure:12626: gcc -v >&5
Using built-in specs.
COLLECT_GCC=gcc
COLLECT_LTO_WRAPPER=/usr/local/Cellar/gcc@8/8.3.0/libexec/gcc/x86_64-apple-darwin18/8.3.0/lto-wrapper
Target: x86_64-apple-darwin18
Configured with: ../configure --build=x86_64-apple-darwin18 --prefix=/usr/local/Cellar/gcc@8/8.3.0 --libdir=/usr/local/Cellar/gcc@8/8.3.0/lib/gcc/8 --disable-nls --enable-checking=release --enable-languages=c,c++,objc,obj-c++,fortran --program-suffix=-8 --with-gmp=/usr/local/opt/gmp --with-mpfr=/usr/local/opt/mpfr --with-mpc=/usr/local/opt/libmpc --with-isl=/usr/local/opt/isl --with-system-zlib --with-pkgversion='Homebrew GCC 8.3.0' --with-bugurl=https://github.com/Homebrew/homebrew-core/issues --disable-multilib --with-native-system-header-dir=/usr/include --with-sysroot=/Library/Developer/CommandLineTools/SDKs/MacOSX.sdk
Thread model: posix
gcc version 8.3.0 (Homebrew GCC 8.3.0) 
configure:12637: $? = 0
configure:12626: gcc -V >&5
gcc: error: unrecognized command line option '-V'
gcc: fatal error: no input files
compilation terminated.
configure:12637: $? = 1
configure:12626: gcc -qversion >&5
gcc: error: unrecognized command line option '-qversion'; did you mean '--version'?
gcc: fatal error: no input files
compilation terminated.
configure:12637: $? = 1
configure:12641: checking whether we are using the GNU C compiler
configure:12669: result: yes
configure:12678: checking whether gcc accepts -g
configure:12739: result: yes
configure:12756: checking for gcc option to accept ISO C89
configure:12832: result: none needed
configure:12857: checking whether gcc understands -c and -o together
configure:12894: result: yes
configure:12913: checking dependency style of gcc
configure:13024: result: gcc3
configure:13040: checking whether make sets $(MAKE)
configure:13062: result: yes
configure:13073: checking for library containing log2
configure:13104: gcc -o conftest  -I/usr/local/include  -I/usr/local/include  -L/usr/local/lib conftest.c  >&5
conftest.c:30:6: warning: conflicting types for built-in function 'log2' [-Wbuiltin-declaration-mismatch]
 char log2 ();
      ^~~~
configure:13104: $? = 0
configure:13121: result: none required
configure:13133: checking for HWLOC
configure:13252: result: no
configure:13254: checking for library containing hwloc_topology_get_depth
configure:13285: gcc -o conftest  -I/usr/local/include  -I/usr/local/include  -L/usr/local/lib conftest.c  >&5
Undefined symbols for architecture x86_64:
  "_hwloc_topology_get_depth", referenced from:
      _main in ccG79rUt.o
ld: symbol(s) not found for architecture x86_64
collect2: error: ld returned 1 exit status
configure:13285: $? = 1
configure: failed program was:
| /* confdefs.h */
| #define PACKAGE_NAME "TreeMatch"
| #define PACKAGE_TARNAME "treematch"
| #define PACKAGE_VERSION "1.4"
| #define PACKAGE_STRING "TreeMatch 1.4"
| #define PACKAGE_BUGREPORT "emmanuel.jeannot@inria.fr"
| #define PACKAGE_URL ""
| #define PACKAGE "treematch"
| #define VERSION "1.4"
| #define STDC_HEADERS 1
| #define HAVE_SYS_TYPES_H 1
| #define HAVE_SYS_STAT_H 1
| #define HAVE_STDLIB_H 1
| #define HAVE_STRING_H 1
| #define HAVE_MEMORY_H 1
| #define HAVE_STRINGS_H 1
| #define HAVE_INTTYPES_H 1
| #define HAVE_STDINT_H 1
| #define HAVE_UNISTD_H 1
| #define HAVE_DLFCN_H 1
| #define LT_OBJDIR ".libs/"
| /* end confdefs.h.  */
| 
| /* Override any GCC internal prototype to avoid an error.
|    Use char because int might match the return type of a GCC
|    builtin and then its argument prototype would still apply.  */
| #ifdef __cplusplus
| extern "C"
| #endif
| char hwloc_topology_get_depth ();
| int
| main ()
| {
| return hwloc_topology_get_depth ();
|   ;
|   return 0;
| }
configure:13285: gcc -o conftest  -I/usr/local/include  -I/usr/local/include  -L/usr/local/lib conftest.c -lhwloc   >&5
configure:13285: $? = 0
configure:13302: result: -lhwloc
configure:13326: checking hwloc.h usability
configure:13326: gcc -c  -I/usr/local/include  -I/usr/local/include conftest.c >&5
configure:13326: $? = 0
configure:13326: result: yes
configure:13326: checking hwloc.h presence
configure:13326: gcc -E  -I/usr/local/include conftest.c
configure:13326: $? = 0
configure:13326: result: yes
configure:13326: checking for hwloc.h
configure:13326: result: yes
configure:13344: checking math.h usability
configure:13344: gcc -c  -I/usr/local/include  -I/usr/local/include conftest.c >&5
configure:13344: $? = 0
configure:13344: result: yes
configure:13344: checking math.h presence
configure:13344: gcc -E  -I/usr/local/include conftest.c
configure:13344: $? = 0
configure:13344: result: yes
configure:13344: checking for math.h
configure:13344: result: yes
configure:13344: checking sys/timeb.h usability
configure:13344: gcc -c  -I/usr/local/include  -I/usr/local/include conftest.c >&5
configure:13344: $? = 0
configure:13344: result: yes
configure:13344: checking sys/timeb.h presence
configure:13344: gcc -E  -I/usr/local/include conftest.c
configure:13344: $? = 0
configure:13344: result: yes
configure:13344: checking for sys/timeb.h
configure:13344: result: yes
configure:13344: checking errno.h usability
configure:13344: gcc -c  -I/usr/local/include  -I/usr/local/include conftest.c >&5
configure:13344: $? = 0
configure:13344: result: yes
configure:13344: checking errno.h presence
configure:13344: gcc -E  -I/usr/local/include conftest.c
configure:13344: $? = 0
configure:13344: result: yes
configure:13344: checking for errno.h
configure:13344: result: yes
configure:13344: checking for unistd.h
configure:13344: result: yes
configure:13344: checking for stdint.h
configure:13344: result: yes
configure:13344: checking sys/time.h usability
configure:13344: gcc -c  -I/usr/local/include  -I/usr/local/include conftest.c >&5
configure:13344: $? = 0
configure:13344: result: yes
configure:13344: checking sys/time.h presence
configure:13344: gcc -E  -I/usr/local/include conftest.c
configure:13344: $? = 0
configure:13344: result: yes
configure:13344: checking for sys/time.h
configure:13344: result: yes
configure:13344: checking pthread.h usability
configure:13344: gcc -c  -I/usr/local/include  -I/usr/local/include conftest.c >&5
configure:13344: $? = 0
configure:13344: result: yes
configure:13344: checking pthread.h presence
configure:13344: gcc -E  -I/usr/local/include conftest.c
configure:13344: $? = 0
configure:13344: result: yes
configure:13344: checking for pthread.h
configure:13344: result: yes
configure:13344: checking for stdlib.h
configure:13344: result: yes
configure:13344: checking limits.h usability
configure:13344: gcc -c  -I/usr/local/include  -I/usr/local/include conftest.c >&5
configure:13344: $? = 0
configure:13344: result: yes
configure:13344: checking limits.h presence
configure:13344: gcc -E  -I/usr/local/include conftest.c
configure:13344: $? = 0
configure:13344: result: yes
configure:13344: checking for limits.h
configure:13344: result: yes
configure:13344: checking float.h usability
configure:13344: gcc -c  -I/usr/local/include  -I/usr/local/include conftest.c >&5
configure:13344: $? = 0
configure:13344: result: yes
configure:13344: checking float.h presence
configure:13344: gcc -E  -I/usr/local/include conftest.c
configure:13344: $? = 0
configure:13344: result: yes
configure:13344: checking for float.h
configure:13344: result: yes
configure:13344: checking for string.h
configure:13344: result: yes
configure:13344: checking ctype.h usability
configure:13344: gcc -c  -I/usr/local/include  -I/usr/local/include conftest.c >&5
configure:13344: $? = 0
configure:13344: result: yes
configure:13344: checking ctype.h presence
configure:13344: gcc -E  -I/usr/local/include conftest.c
configure:13344: $? = 0
configure:13344: result: yes
configure:13344: checking for ctype.h
configure:13344: result: yes
configure:13344: checking for inttypes.h
configure:13344: result: yes
configure:13344: checking assert.h usability
configure:13344: gcc -c  -I/usr/local/include  -I/usr/local/include conftest.c >&5
configure:13344: $? = 0
configure:13344: result: yes
configure:13344: checking assert.h presence
configure:13344: gcc -E  -I/usr/local/include conftest.c
configure:13344: $? = 0
configure:13344: result: yes
configure:13344: checking for assert.h
configure:13344: result: yes
configure:13344: checking for strings.h
configure:13344: result: yes
configure:13344: checking stdio.h usability
configure:13344: gcc -c  -I/usr/local/include  -I/usr/local/include conftest.c >&5
configure:13344: $? = 0
configure:13344: result: yes
configure:13344: checking stdio.h presence
configure:13344: gcc -E  -I/usr/local/include conftest.c
configure:13344: $? = 0
configure:13344: result: yes
configure:13344: checking for stdio.h
configure:13344: result: yes
configure:13344: checking for memory.h
configure:13344: result: yes
configure:13344: checking stddef.h usability
configure:13344: gcc -c  -I/usr/local/include  -I/usr/local/include conftest.c >&5
configure:13344: $? = 0
configure:13344: result: yes
configure:13344: checking stddef.h presence
configure:13344: gcc -E  -I/usr/local/include conftest.c
configure:13344: $? = 0
configure:13344: result: yes
configure:13344: checking for stddef.h
configure:13344: result: yes
configure:13344: checking for pthread.h
configure:13344: result: yes
configure:13358: checking for size_t
configure:13358: gcc -c  -I/usr/local/include  -I/usr/local/include conftest.c >&5
configure:13358: $? = 0
configure:13358: gcc -c  -I/usr/local/include  -I/usr/local/include conftest.c >&5
conftest.c: In function 'main':
conftest.c:79:21: error: expected expression before ')' token
 if (sizeof ((size_t)))
                     ^
configure:13358: $? = 1
configure: failed program was:
| /* confdefs.h */
| #define PACKAGE_NAME "TreeMatch"
| #define PACKAGE_TARNAME "treematch"
| #define PACKAGE_VERSION "1.4"
| #define PACKAGE_STRING "TreeMatch 1.4"
| #define PACKAGE_BUGREPORT "emmanuel.jeannot@inria.fr"
| #define PACKAGE_URL ""
| #define PACKAGE "treematch"
| #define VERSION "1.4"
| #define STDC_HEADERS 1
| #define HAVE_SYS_TYPES_H 1
| #define HAVE_SYS_STAT_H 1
| #define HAVE_STDLIB_H 1
| #define HAVE_STRING_H 1
| #define HAVE_MEMORY_H 1
| #define HAVE_STRINGS_H 1
| #define HAVE_INTTYPES_H 1
| #define HAVE_STDINT_H 1
| #define HAVE_UNISTD_H 1
| #define HAVE_DLFCN_H 1
| #define LT_OBJDIR ".libs/"
| #define HAVE_HWLOC_H 1
| #define HAVE_MATH_H 1
| #define HAVE_SYS_TIMEB_H 1
| #define HAVE_ERRNO_H 1
| #define HAVE_UNISTD_H 1
| #define HAVE_STDINT_H 1
| #define HAVE_SYS_TIME_H 1
| #define HAVE_PTHREAD_H 1
| #define HAVE_STDLIB_H 1
| #define HAVE_LIMITS_H 1
| #define HAVE_FLOAT_H 1
| #define HAVE_STRING_H 1
| #define HAVE_CTYPE_H 1
| #define HAVE_INTTYPES_H 1
| #define HAVE_ASSERT_H 1
| #define HAVE_STRINGS_H 1
| #define HAVE_STDIO_H 1
| #define HAVE_MEMORY_H 1
| #define HAVE_STDDEF_H 1
| #define HAVE_PTHREAD_H 1
| /* end confdefs.h.  */
| #include <stdio.h>
| #ifdef HAVE_SYS_TYPES_H
| # include <sys/types.h>
| #endif
| #ifdef HAVE_SYS_STAT_H
| # include <sys/stat.h>
| #endif
| #ifdef STDC_HEADERS
| # include <stdlib.h>
| # include <stddef.h>
| #else
| # ifdef HAVE_STDLIB_H
| #  include <stdlib.h>
| # endif
| #endif
| #ifdef HAVE_STRING_H
| # if !defined STDC_HEADERS && defined HAVE_MEMORY_H
| #  include <memory.h>
| # endif
| # include <string.h>
| #endif
| #ifdef HAVE_STRINGS_H
| # include <strings.h>
| #endif
| #ifdef HAVE_INTTYPES_H
| # include <inttypes.h>
| #endif
| #ifdef HAVE_STDINT_H
| # include <stdint.h>
| #endif
| #ifdef HAVE_UNISTD_H
| # include <unistd.h>
| #endif
| int
| main ()
| {
| if (sizeof ((size_t)))
| 	    return 0;
|   ;
|   return 0;
| }
configure:13358: result: yes
configure:13373: checking for stdlib.h
configure:13373: result: yes
configure:13383: checking for GNU libc compatible malloc
configure:13407: gcc -o conftest  -I/usr/local/include  -I/usr/local/include  -L/usr/local/lib conftest.c -lhwloc  >&5
configure:13407: $? = 0
configure:13407: ./conftest
configure:13407: $? = 0
configure:13417: result: yes
configure:13440: checking for stdlib.h
configure:13440: result: yes
configure:13450: checking for GNU libc compatible realloc
configure:13474: gcc -o conftest  -I/usr/local/include  -I/usr/local/include  -L/usr/local/lib conftest.c -lhwloc  >&5
configure:13474: $? = 0
configure:13474: ./conftest
configure:13474: $? = 0
configure:13484: result: yes
configure:13508: checking for atof
configure:13508: gcc -o conftest  -I/usr/local/include  -I/usr/local/include  -L/usr/local/lib conftest.c -lhwloc  >&5
configure:13508: $? = 0
configure:13508: result: yes
configure:13508: checking for atoi
configure:13508: gcc -o conftest  -I/usr/local/include  -I/usr/local/include  -L/usr/local/lib conftest.c -lhwloc  >&5
configure:13508: $? = 0
configure:13508: result: yes
configure:13508: checking for bcmp
configure:13508: gcc -o conftest  -I/usr/local/include  -I/usr/local/include  -L/usr/local/lib conftest.c -lhwloc  >&5
conftest.c:72:6: warning: conflicting types for built-in function 'bcmp' [-Wbuiltin-declaration-mismatch]
 char bcmp ();
      ^~~~
configure:13508: $? = 0
configure:13508: result: yes
configure:13508: checking for calloc
configure:13508: gcc -o conftest  -I/usr/local/include  -I/usr/local/include  -L/usr/local/lib conftest.c -lhwloc  >&5
conftest.c:73:6: warning: conflicting types for built-in function 'calloc' [-Wbuiltin-declaration-mismatch]
 char calloc ();
      ^~~~~~
configure:13508: $? = 0
configure:13508: result: yes
configure:13508: checking for ceil
configure:13508: gcc -o conftest  -I/usr/local/include  -I/usr/local/include  -L/usr/local/lib conftest.c -lhwloc  >&5
conftest.c:74:6: warning: conflicting types for built-in function 'ceil' [-Wbuiltin-declaration-mismatch]
 char ceil ();
      ^~~~
configure:13508: $? = 0
configure:13508: result: yes
configure:13508: checking for exit
configure:13508: gcc -o conftest  -I/usr/local/include  -I/usr/local/include  -L/usr/local/lib conftest.c -lhwloc  >&5
conftest.c:75:6: warning: conflicting types for built-in function 'exit' [-Wbuiltin-declaration-mismatch]
 char exit ();
      ^~~~
configure:13508: $? = 0
configure:13508: result: yes
configure:13508: checking for fclose
configure:13508: gcc -o conftest  -I/usr/local/include  -I/usr/local/include  -L/usr/local/lib conftest.c -lhwloc  >&5
configure:13508: $? = 0
configure:13508: result: yes
configure:13508: checking for fflush
configure:13508: gcc -o conftest  -I/usr/local/include  -I/usr/local/include  -L/usr/local/lib conftest.c -lhwloc  >&5
configure:13508: $? = 0
configure:13508: result: yes
configure:13508: checking for fgets
configure:13508: gcc -o conftest  -I/usr/local/include  -I/usr/local/include  -L/usr/local/lib conftest.c -lhwloc  >&5
configure:13508: $? = 0
configure:13508: result: yes
configure:13508: checking for floor
configure:13508: gcc -o conftest  -I/usr/local/include  -I/usr/local/include  -L/usr/local/lib conftest.c -lhwloc  >&5
conftest.c:79:6: warning: conflicting types for built-in function 'floor' [-Wbuiltin-declaration-mismatch]
 char floor ();
      ^~~~~
configure:13508: $? = 0
configure:13508: result: yes
configure:13508: checking for fopen
configure:13508: gcc -o conftest  -I/usr/local/include  -I/usr/local/include  -L/usr/local/lib conftest.c -lhwloc  >&5
configure:13508: $? = 0
configure:13508: result: yes
configure:13508: checking for fprintf
configure:13508: gcc -o conftest  -I/usr/local/include  -I/usr/local/include  -L/usr/local/lib conftest.c -lhwloc  >&5
conftest.c:81:6: warning: conflicting types for built-in function 'fprintf' [-Wbuiltin-declaration-mismatch]
 char fprintf ();
      ^~~~~~~
configure:13508: $? = 0
configure:13508: result: yes
configure:13508: checking for free
configure:13508: gcc -o conftest  -I/usr/local/include  -I/usr/local/include  -L/usr/local/lib conftest.c -lhwloc  >&5
conftest.c:82:6: warning: conflicting types for built-in function 'free' [-Wbuiltin-declaration-mismatch]
 char free ();
      ^~~~
configure:13508: $? = 0
configure:13508: result: yes
configure:13508: checking for gettimeofday
configure:13508: gcc -o conftest  -I/usr/local/include  -I/usr/local/include  -L/usr/local/lib conftest.c -lhwloc  >&5
configure:13508: $? = 0
configure:13508: result: yes
configure:13508: checking for isspace
configure:13508: gcc -o conftest  -I/usr/local/include  -I/usr/local/include  -L/usr/local/lib conftest.c -lhwloc  >&5
conftest.c:84:6: warning: conflicting types for built-in function 'isspace' [-Wbuiltin-declaration-mismatch]
 char isspace ();
      ^~~~~~~
configure:13508: $? = 0
configure:13508: result: yes
configure:13508: checking for log2
configure:13508: gcc -o conftest  -I/usr/local/include  -I/usr/local/include  -L/usr/local/lib conftest.c -lhwloc  >&5
conftest.c:85:6: warning: conflicting types for built-in function 'log2' [-Wbuiltin-declaration-mismatch]
 char log2 ();
      ^~~~
configure:13508: $? = 0
configure:13508: result: yes
configure:13508: checking for memcpy
configure:13508: gcc -o conftest  -I/usr/local/include  -I/usr/local/include  -L/usr/local/lib conftest.c -lhwloc  >&5
conftest.c:86:6: warning: conflicting types for built-in function 'memcpy' [-Wbuiltin-declaration-mismatch]
 char memcpy ();
      ^~~~~~
configure:13508: $? = 0
configure:13508: result: yes
configure:13508: checking for memset
configure:13508: gcc -o conftest  -I/usr/local/include  -I/usr/local/include  -L/usr/local/lib conftest.c -lhwloc  >&5
conftest.c:87:6: warning: conflicting types for built-in function 'memset' [-Wbuiltin-declaration-mismatch]
 char memset ();
      ^~~~~~
configure:13508: $? = 0
configure:13508: result: yes
configure:13508: checking for pow
configure:13508: gcc -o conftest  -I/usr/local/include  -I/usr/local/include  -L/usr/local/lib conftest.c -lhwloc  >&5
conftest.c:88:6: warning: conflicting types for built-in function 'pow' [-Wbuiltin-declaration-mismatch]
 char pow ();
      ^~~
configure:13508: $? = 0
configure:13508: result: yes
configure:13508: checking for printf
configure:13508: gcc -o conftest  -I/usr/local/include  -I/usr/local/include  -L/usr/local/lib conftest.c -lhwloc  >&5
conftest.c:89:6: warning: conflicting types for built-in function 'printf' [-Wbuiltin-declaration-mismatch]
 char printf ();
      ^~~~~~
configure:13508: $? = 0
configure:13508: result: yes
configure:13508: checking for qsort
configure:13508: gcc -o conftest  -I/usr/local/include  -I/usr/local/include  -L/usr/local/lib conftest.c -lhwloc  >&5
configure:13508: $? = 0
configure:13508: result: yes
configure:13508: checking for rewind
configure:13508: gcc -o conftest  -I/usr/local/include  -I/usr/local/include  -L/usr/local/lib conftest.c -lhwloc  >&5
configure:13508: $? = 0
configure:13508: result: yes
configure:13508: checking for strerror
configure:13508: gcc -o conftest  -I/usr/local/include  -I/usr/local/include  -L/usr/local/lib conftest.c -lhwloc  >&5
configure:13508: $? = 0
configure:13508: result: yes
configure:13508: checking for strlen
configure:13508: gcc -o conftest  -I/usr/local/include  -I/usr/local/include  -L/usr/local/lib conftest.c -lhwloc  >&5
conftest.c:93:6: warning: conflicting types for built-in function 'strlen' [-Wbuiltin-declaration-mismatch]
 char strlen ();
      ^~~~~~
configure:13508: $? = 0
configure:13508: result: yes
configure:13508: checking for strstr
configure:13508: gcc -o conftest  -I/usr/local/include  -I/usr/local/include  -L/usr/local/lib conftest.c -lhwloc  >&5
conftest.c:94:6: warning: conflicting types for built-in function 'strstr' [-Wbuiltin-declaration-mismatch]
 char strstr ();
      ^~~~~~
configure:13508: $? = 0
configure:13508: result: yes
configure:13508: checking for strtok
configure:13508: gcc -o conftest  -I/usr/local/include  -I/usr/local/include  -L/usr/local/lib conftest.c -lhwloc  >&5
configure:13508: $? = 0
configure:13508: result: yes
configure:13518: checking for pthread_create in -lpthread
configure:13543: gcc -o conftest  -I/usr/local/include  -I/usr/local/include  -L/usr/local/lib conftest.c -lpthread  -lhwloc  >&5
configure:13543: $? = 0
configure:13552: result: yes
configure:13558: checking for pthread_create in -lpthread
configure:13592: result: yes
configure:13605: checking for gzdopen in -lz
configure:13630: gcc -o conftest  -I/usr/local/include  -I/usr/local/include  -L/usr/local/lib conftest.c -lz  -lpthread -lhwloc  >&5
configure:13630: $? = 0
configure:13639: result: yes
configure:13659: checking for SCOTCH_errorPrint in -lscotcherr
configure:13684: gcc -o conftest  -I/usr/local/include  -I/usr/local/include  -L/usr/local/lib conftest.c -lscotcherr  -lz -lpthread -lhwloc  >&5
ld: library not found for -lscotcherr
collect2: error: ld returned 1 exit status
configure:13684: $? = 1
configure: failed program was:
| /* confdefs.h */
| #define PACKAGE_NAME "TreeMatch"
| #define PACKAGE_TARNAME "treematch"
| #define PACKAGE_VERSION "1.4"
| #define PACKAGE_STRING "TreeMatch 1.4"
| #define PACKAGE_BUGREPORT "emmanuel.jeannot@inria.fr"
| #define PACKAGE_URL ""
| #define PACKAGE "treematch"
| #define VERSION "1.4"
| #define STDC_HEADERS 1
| #define HAVE_SYS_TYPES_H 1
| #define HAVE_SYS_STAT_H 1
| #define HAVE_STDLIB_H 1
| #define HAVE_STRING_H 1
| #define HAVE_MEMORY_H 1
| #define HAVE_STRINGS_H 1
| #define HAVE_INTTYPES_H 1
| #define HAVE_STDINT_H 1
| #define HAVE_UNISTD_H 1
| #define HAVE_DLFCN_H 1
| #define LT_OBJDIR ".libs/"
| #define HAVE_HWLOC_H 1
| #define HAVE_MATH_H 1
| #define HAVE_SYS_TIMEB_H 1
| #define HAVE_ERRNO_H 1
| #define HAVE_UNISTD_H 1
| #define HAVE_STDINT_H 1
| #define HAVE_SYS_TIME_H 1
| #define HAVE_PTHREAD_H 1
| #define HAVE_STDLIB_H 1
| #define HAVE_LIMITS_H 1
| #define HAVE_FLOAT_H 1
| #define HAVE_STRING_H 1
| #define HAVE_CTYPE_H 1
| #define HAVE_INTTYPES_H 1
| #define HAVE_ASSERT_H 1
| #define HAVE_STRINGS_H 1
| #define HAVE_STDIO_H 1
| #define HAVE_MEMORY_H 1
| #define HAVE_STDDEF_H 1
| #define HAVE_PTHREAD_H 1
| #define HAVE_STDLIB_H 1
| #define HAVE_MALLOC 1
| #define HAVE_STDLIB_H 1
| #define HAVE_REALLOC 1
| #define HAVE_ATOF 1
| #define HAVE_ATOI 1
| #define HAVE_BCMP 1
| #define HAVE_CALLOC 1
| #define HAVE_CEIL 1
| #define HAVE_EXIT 1
| #define HAVE_FCLOSE 1
| #define HAVE_FFLUSH 1
| #define HAVE_FGETS 1
| #define HAVE_FLOOR 1
| #define HAVE_FOPEN 1
| #define HAVE_FPRINTF 1
| #define HAVE_FREE 1
| #define HAVE_GETTIMEOFDAY 1
| #define HAVE_ISSPACE 1
| #define HAVE_LOG2 1
| #define HAVE_MEMCPY 1
| #define HAVE_MEMSET 1
| #define HAVE_POW 1
| #define HAVE_PRINTF 1
| #define HAVE_QSORT 1
| #define HAVE_REWIND 1
| #define HAVE_STRERROR 1
| #define HAVE_STRLEN 1
| #define HAVE_STRSTR 1
| #define HAVE_STRTOK 1
| #define HAVE_LIBPTHREAD 1
| #define HAVE_LIBZ 1
| /* end confdefs.h.  */
| 
| /* Override any GCC internal prototype to avoid an error.
|    Use char because int might match the return type of a GCC
|    builtin and then its argument prototype would still apply.  */
| #ifdef __cplusplus
| extern "C"
| #endif
| char SCOTCH_errorPrint ();
| int
| main ()
| {
| return SCOTCH_errorPrint ();
|   ;
|   return 0;
| }
configure:13693: result: no
configure:13705: checking for SCOTCH_graphPartFixed in -lscotch
configure:13730: gcc -o conftest  -I/usr/local/include  -I/usr/local/include  -L/usr/local/lib conftest.c -lscotch  -lz -lpthread -lhwloc  >&5
ld: library not found for -lscotch
collect2: error: ld returned 1 exit status
configure:13730: $? = 1
configure: failed program was:
| /* confdefs.h */
| #define PACKAGE_NAME "TreeMatch"
| #define PACKAGE_TARNAME "treematch"
| #define PACKAGE_VERSION "1.4"
| #define PACKAGE_STRING "TreeMatch 1.4"
| #define PACKAGE_BUGREPORT "emmanuel.jeannot@inria.fr"
| #define PACKAGE_URL ""
| #define PACKAGE "treematch"
| #define VERSION "1.4"
| #define STDC_HEADERS 1
| #define HAVE_SYS_TYPES_H 1
| #define HAVE_SYS_STAT_H 1
| #define HAVE_STDLIB_H 1
| #define HAVE_STRING_H 1
| #define HAVE_MEMORY_H 1
| #define HAVE_STRINGS_H 1
| #define HAVE_INTTYPES_H 1
| #define HAVE_STDINT_H 1
| #define HAVE_UNISTD_H 1
| #define HAVE_DLFCN_H 1
| #define LT_OBJDIR ".libs/"
| #define HAVE_HWLOC_H 1
| #define HAVE_MATH_H 1
| #define HAVE_SYS_TIMEB_H 1
| #define HAVE_ERRNO_H 1
| #define HAVE_UNISTD_H 1
| #define HAVE_STDINT_H 1
| #define HAVE_SYS_TIME_H 1
| #define HAVE_PTHREAD_H 1
| #define HAVE_STDLIB_H 1
| #define HAVE_LIMITS_H 1
| #define HAVE_FLOAT_H 1
| #define HAVE_STRING_H 1
| #define HAVE_CTYPE_H 1
| #define HAVE_INTTYPES_H 1
| #define HAVE_ASSERT_H 1
| #define HAVE_STRINGS_H 1
| #define HAVE_STDIO_H 1
| #define HAVE_MEMORY_H 1
| #define HAVE_STDDEF_H 1
| #define HAVE_PTHREAD_H 1
| #define HAVE_STDLIB_H 1
| #define HAVE_MALLOC 1
| #define HAVE_STDLIB_H 1
| #define HAVE_REALLOC 1
| #define HAVE_ATOF 1
| #define HAVE_ATOI 1
| #define HAVE_BCMP 1
| #define HAVE_CALLOC 1
| #define HAVE_CEIL 1
| #define HAVE_EXIT 1
| #define HAVE_FCLOSE 1
| #define HAVE_FFLUSH 1
| #define HAVE_FGETS 1
| #define HAVE_FLOOR 1
| #define HAVE_FOPEN 1
| #define HAVE_FPRINTF 1
| #define HAVE_FREE 1
| #define HAVE_GETTIMEOFDAY 1
| #define HAVE_ISSPACE 1
| #define HAVE_LOG2 1
| #define HAVE_MEMCPY 1
| #define HAVE_MEMSET 1
| #define HAVE_POW 1
| #define HAVE_PRINTF 1
| #define HAVE_QSORT 1
| #define HAVE_REWIND 1
| #define HAVE_STRERROR 1
| #define HAVE_STRLEN 1
| #define HAVE_STRSTR 1
| #define HAVE_STRTOK 1
| #define HAVE_LIBPTHREAD 1
| #define HAVE_LIBZ 1
| /* end confdefs.h.  */
| 
| /* Override any GCC internal prototype to avoid an error.
|    Use char because int might match the return type of a GCC
|    builtin and then its argument prototype would still apply.  */
| #ifdef __cplusplus
| extern "C"
| #endif
| char SCOTCH_graphPartFixed ();
| int
| main ()
| {
| return SCOTCH_graphPartFixed ();
|   ;
|   return 0;
| }
configure:13739: result: no
configure:13748: checking for SCOTCH_graphPartFixed in -lscotch
configure:13782: result: no
configure:14029: checking that generated files are newer than configure
configure:14035: result: done
configure:14062: creating ./config.status

## ---------------------- ##
## Running config.status. ##
## ---------------------- ##

This file was extended by TreeMatch config.status 1.4, which was
generated by GNU Autoconf 2.69.  Invocation command line was

  CONFIG_FILES    = 
  CONFIG_HEADERS  = 
  CONFIG_LINKS    = 
  CONFIG_COMMANDS = 
  $ ./config.status 

on chenqixiandeMacBook-Pro.local

config.status:1142: creating Makefile
config.status:1142: creating examples/Makefile
config.status:1142: creating src/Makefile
config.status:1142: creating src/treematch/Makefile
config.status:1142: creating src/libtreematch/Makefile
config.status:1142: creating tm_config.h
config.status:1371: executing depfiles commands
config.status:1371: executing libtool commands

## ---------------- ##
## Cache variables. ##
## ---------------- ##

ac_cv_build=x86_64-apple-darwin18.5.0
ac_cv_c_compiler_gnu=yes
ac_cv_env_CC_set=
ac_cv_env_CC_value=
ac_cv_env_CFLAGS_set=
ac_cv_env_CFLAGS_value=
ac_cv_env_CPPFLAGS_set=
ac_cv_env_CPPFLAGS_value=
ac_cv_env_CPP_set=
ac_cv_env_CPP_value=
ac_cv_env_HWLOC_CFLAGS_set=
ac_cv_env_HWLOC_CFLAGS_value=
ac_cv_env_HWLOC_LIBS_set=
ac_cv_env_HWLOC_LIBS_value=
ac_cv_env_LDFLAGS_set=
ac_cv_env_LDFLAGS_value=
ac_cv_env_LIBS_set=
ac_cv_env_LIBS_value=
ac_cv_env_LT_SYS_LIBRARY_PATH_set=
ac_cv_env_LT_SYS_LIBRARY_PATH_value=
ac_cv_env_PKG_CONFIG_LIBDIR_set=
ac_cv_env_PKG_CONFIG_LIBDIR_value=
ac_cv_env_PKG_CONFIG_PATH_set=
ac_cv_env_PKG_CONFIG_PATH_value=
ac_cv_env_PKG_CONFIG_set=
ac_cv_env_PKG_CONFIG_value=
ac_cv_env_SCOTCH_DIR_set=
ac_cv_env_SCOTCH_DIR_value=
ac_cv_env_build_alias_set=
ac_cv_env_build_alias_value=
ac_cv_env_host_alias_set=
ac_cv_env_host_alias_value=
ac_cv_env_target_alias_set=
ac_cv_env_target_alias_value=
ac_cv_func_atof=yes
ac_cv_func_atoi=yes
ac_cv_func_bcmp=yes
ac_cv_func_calloc=yes
ac_cv_func_ceil=yes
ac_cv_func_exit=yes
ac_cv_func_fclose=yes
ac_cv_func_fflush=yes
ac_cv_func_fgets=yes
ac_cv_func_floor=yes
ac_cv_func_fopen=yes
ac_cv_func_fprintf=yes
ac_cv_func_free=yes
ac_cv_func_gettimeofday=yes
ac_cv_func_isspace=yes
ac_cv_func_log2=yes
ac_cv_func_malloc_0_nonnull=yes
ac_cv_func_memcpy=yes
ac_cv_func_memset=yes
ac_cv_func_pow=yes
ac_cv_func_printf=yes
ac_cv_func_qsort=yes
ac_cv_func_realloc_0_nonnull=yes
ac_cv_func_rewind=yes
ac_cv_func_strerror=yes
ac_cv_func_strlen=yes
ac_cv_func_strstr=yes
ac_cv_func_strtok=yes
ac_cv_header_assert_h=yes
ac_cv_header_ctype_h=yes
ac_cv_header_dlfcn_h=yes
ac_cv_header_errno_h=yes
ac_cv_header_float_h=yes
ac_cv_header_hwloc_h=yes
ac_cv_header_inttypes_h=yes
ac_cv_header_limits_h=yes
ac_cv_header_math_h=yes
ac_cv_header_memory_h=yes
ac_cv_header_pthread_h=yes
ac_cv_header_stdc=yes
ac_cv_header_stddef_h=yes
ac_cv_header_stdint_h=yes
ac_cv_header_stdio_h=yes
ac_cv_header_stdlib_h=yes
ac_cv_header_string_h=yes
ac_cv_header_strings_h=yes
ac_cv_header_sys_stat_h=yes
ac_cv_header_sys_time_h=yes
ac_cv_header_sys_timeb_h=yes
ac_cv_header_sys_types_h=yes
ac_cv_header_unistd_h=yes
ac_cv_host=x86_64-apple-darwin18.5.0
ac_cv_lib_pthread_pthread_create=yes
ac_cv_lib_scotch_SCOTCH_graphPartFixed=no
ac_cv_lib_scotcherr_SCOTCH_errorPrint=no
ac_cv_lib_z_gzdopen=yes
ac_cv_objext=o
ac_cv_path_EGREP='/usr/bin/grep -E'
ac_cv_path_FGREP='/usr/bin/grep -F'
ac_cv_path_GREP=/usr/bin/grep
ac_cv_path_SED=/usr/bin/sed
ac_cv_path_install='/usr/bin/install -c'
ac_cv_path_lt_DD=/bin/dd
ac_cv_prog_AWK=awk
ac_cv_prog_CPP='gcc -E'
ac_cv_prog_ac_ct_AR=ar
ac_cv_prog_ac_ct_CC=gcc
ac_cv_prog_ac_ct_DSYMUTIL=dsymutil
ac_cv_prog_ac_ct_LIPO=lipo
ac_cv_prog_ac_ct_NMEDIT=nmedit
ac_cv_prog_ac_ct_OBJDUMP=objdump
ac_cv_prog_ac_ct_OTOOL=otool
ac_cv_prog_ac_ct_RANLIB=ranlib
ac_cv_prog_ac_ct_STRIP=strip
ac_cv_prog_cc_c89=
ac_cv_prog_cc_g=yes
ac_cv_prog_make_make_set=yes
ac_cv_search_hwloc_topology_get_depth=-lhwloc
ac_cv_search_log2='none required'
ac_cv_type_size_t=yes
am_cv_CC_dependencies_compiler_type=gcc3
am_cv_ar_interface=ar
am_cv_make_support_nested_variables=yes
am_cv_prog_cc_c_o=yes
lt_cv_apple_cc_single_mod=yes
lt_cv_ar_at_file=no
lt_cv_deplibs_check_method=pass_all
lt_cv_file_magic_cmd='$MAGIC_CMD'
lt_cv_file_magic_test_file=
lt_cv_ld_exported_symbols_list=yes
lt_cv_ld_force_load=yes
lt_cv_ld_reload_flag=-r
lt_cv_nm_interface='BSD nm'
lt_cv_objdir=.libs
lt_cv_path_LD=/usr/bin/ld
lt_cv_path_NM='/usr/bin/nm -B'
lt_cv_path_mainfest_tool=no
lt_cv_prog_compiler_c_o=yes
lt_cv_prog_compiler_pic='-fno-common -DPIC'
lt_cv_prog_compiler_pic_works=yes
lt_cv_prog_compiler_rtti_exceptions=no
lt_cv_prog_compiler_static_works=no
lt_cv_prog_gnu_ld=no
lt_cv_sharedlib_from_linklib_cmd='printf %s\n'
lt_cv_sys_global_symbol_pipe='sed -n -e '\''s/^.*[	 ]\([BCDEGRST][BCDEGRST]*\)[	 ][	 ]*_\([_A-Za-z][_A-Za-z0-9]*\)$/\1 _\2 \2/p'\'' | sed '\''/ __gnu_lto/d'\'''
lt_cv_sys_global_symbol_to_c_name_address='sed -n -e '\''s/^: \(.*\) .*$/  {"\1", (void *) 0},/p'\'' -e '\''s/^[BCDEGRST][BCDEGRST]* .* \(.*\)$/  {"\1", (void *) \&\1},/p'\'''
lt_cv_sys_global_symbol_to_c_name_address_lib_prefix='sed -n -e '\''s/^: \(.*\) .*$/  {"\1", (void *) 0},/p'\'' -e '\''s/^[BCDEGRST][BCDEGRST]* .* \(lib.*\)$/  {"\1", (void *) \&\1},/p'\'' -e '\''s/^[BCDEGRST][BCDEGRST]* .* \(.*\)$/  {"lib\1", (void *) \&\1},/p'\'''
lt_cv_sys_global_symbol_to_cdecl='sed -n -e '\''s/^T .* \(.*\)$/extern int \1();/p'\'' -e '\''s/^[BCDEGRST][BCDEGRST]* .* \(.*\)$/extern char \1;/p'\'''
lt_cv_sys_global_symbol_to_import=
lt_cv_sys_max_cmd_len=196608
lt_cv_to_host_file_cmd=func_convert_file_noop
lt_cv_to_tool_file_cmd=func_convert_file_noop
lt_cv_truncate_bin='/bin/dd bs=4096 count=1'

## ----------------- ##
## Output variables. ##
## ----------------- ##

ACLOCAL='${SHELL} /Users/chenqixian/Desktop/BUAA/ModelCode/treematch-1.4/build-aux/missing aclocal-1.15'
AMDEPBACKSLASH='\'
AMDEP_FALSE='#'
AMDEP_TRUE=''
AMTAR='$${TAR-tar}'
AM_BACKSLASH='\'
AM_DEFAULT_V='$(AM_DEFAULT_VERBOSITY)'
AM_DEFAULT_VERBOSITY='1'
AM_V='$(V)'
AR='ar'
AUTOCONF='${SHELL} /Users/chenqixian/Desktop/BUAA/ModelCode/treematch-1.4/build-aux/missing autoconf'
AUTOHEADER='${SHELL} /Users/chenqixian/Desktop/BUAA/ModelCode/treematch-1.4/build-aux/missing autoheader'
AUTOMAKE='${SHELL} /Users/chenqixian/Desktop/BUAA/ModelCode/treematch-1.4/build-aux/missing automake-1.15'
AWK='awk'
CC='gcc'
CCDEPMODE='depmode=gcc3'
CFLAGS=' -I/usr/local/include -Drestrict=__restrict'
CPP='gcc -E'
CPPFLAGS=' -I/usr/local/include'
CYGPATH_W='echo'
DEFS='-DHAVE_CONFIG_H'
DEPDIR='.deps'
DLLTOOL='false'
DSYMUTIL='dsymutil'
DUMPBIN=''
ECHO_C='\c'
ECHO_N=''
ECHO_T=''
EGREP='/usr/bin/grep -E'
EXEEXT=''
FGREP='/usr/bin/grep -F'
GREP='/usr/bin/grep'
HWLOC_CFLAGS=''
HWLOC_LIBS=''
INSTALL_DATA='${INSTALL} -m 644'
INSTALL_PROGRAM='${INSTALL}'
INSTALL_SCRIPT='${INSTALL}'
INSTALL_STRIP_PROGRAM='$(install_sh) -c -s'
LD='/usr/bin/ld'
LDFLAGS=' -L/usr/local/lib'
LIBOBJS=''
LIBS='-lz -lpthread -lhwloc '
LIBTOOL='$(SHELL) $(top_builddir)/libtool'
LIPO='lipo'
LN_S='ln -s'
LTLIBOBJS=''
LT_SYS_LIBRARY_PATH=''
MAKEINFO='${SHELL} /Users/chenqixian/Desktop/BUAA/ModelCode/treematch-1.4/build-aux/missing makeinfo'
MANIFEST_TOOL=':'
MKDIR_P='build-aux/install-sh -c -d'
NM='/usr/bin/nm -B'
NMEDIT='nmedit'
OBJDUMP='objdump'
OBJEXT='o'
OTOOL64=':'
OTOOL='otool'
PACKAGE='treematch'
PACKAGE_BUGREPORT='emmanuel.jeannot@inria.fr'
PACKAGE_NAME='TreeMatch'
PACKAGE_STRING='TreeMatch 1.4'
PACKAGE_TARNAME='treematch'
PACKAGE_URL=''
PACKAGE_VERSION='1.4'
PATH_SEPARATOR=':'
PKG_CONFIG=''
PKG_CONFIG_LIBDIR=''
PKG_CONFIG_PATH=''
RANLIB='ranlib'
SCOTCH_DIR=''
SED='/usr/bin/sed'
SET_MAKE=''
SHELL='/bin/sh'
STRIP='strip'
VERSION='1.4'
ac_ct_AR='ar'
ac_ct_CC='gcc'
ac_ct_DUMPBIN=''
am__EXEEXT_FALSE=''
am__EXEEXT_TRUE='#'
am__fastdepCC_FALSE='#'
am__fastdepCC_TRUE=''
am__include='include'
am__isrc=''
am__leading_dot='.'
am__nodep='_no'
am__quote=''
am__tar='$${TAR-tar} chof - "$$tardir"'
am__untar='$${TAR-tar} xf -'
bindir='${exec_prefix}/bin'
build='x86_64-apple-darwin18.5.0'
build_alias=''
build_cpu='x86_64'
build_os='darwin18.5.0'
build_vendor='apple'
datadir='${datarootdir}'
datarootdir='${prefix}/share'
docdir='${datarootdir}/doc/${PACKAGE_TARNAME}'
dvidir='${docdir}'
exec_prefix='${prefix}'
host='x86_64-apple-darwin18.5.0'
host_alias=''
host_cpu='x86_64'
host_os='darwin18.5.0'
host_vendor='apple'
htmldir='${docdir}'
includedir='${prefix}/include'
infodir='${datarootdir}/info'
install_sh='${SHELL} /Users/chenqixian/Desktop/BUAA/ModelCode/treematch-1.4/build-aux/install-sh'
libdir='${exec_prefix}/lib'
libexecdir='${exec_prefix}/libexec'
localedir='${datarootdir}/locale'
localstatedir='${prefix}/var'
mandir='${datarootdir}/man'
mkdir_p='$(MKDIR_P)'
oldincludedir='/usr/include'
pdfdir='${docdir}'
prefix='/usr/local'
program_transform_name='s,x,x,'
psdir='${docdir}'
sbindir='${exec_prefix}/sbin'
sharedstatedir='${prefix}/com'
sysconfdir='${prefix}/etc'
target_alias=''

## ----------- ##
## confdefs.h. ##
## ----------- ##

/* confdefs.h */
#define PACKAGE_NAME "TreeMatch"
#define PACKAGE_TARNAME "treematch"
#define PACKAGE_VERSION "1.4"
#define PACKAGE_STRING "TreeMatch 1.4"
#define PACKAGE_BUGREPORT "emmanuel.jeannot@inria.fr"
#define PACKAGE_URL ""
#define PACKAGE "treematch"
#define VERSION "1.4"
#define STDC_HEADERS 1
#define HAVE_SYS_TYPES_H 1
#define HAVE_SYS_STAT_H 1
#define HAVE_STDLIB_H 1
#define HAVE_STRING_H 1
#define HAVE_MEMORY_H 1
#define HAVE_STRINGS_H 1
#define HAVE_INTTYPES_H 1
#define HAVE_STDINT_H 1
#define HAVE_UNISTD_H 1
#define HAVE_DLFCN_H 1
#define LT_OBJDIR ".libs/"
#define HAVE_HWLOC_H 1
#define HAVE_MATH_H 1
#define HAVE_SYS_TIMEB_H 1
#define HAVE_ERRNO_H 1
#define HAVE_UNISTD_H 1
#define HAVE_STDINT_H 1
#define HAVE_SYS_TIME_H 1
#define HAVE_PTHREAD_H 1
#define HAVE_STDLIB_H 1
#define HAVE_LIMITS_H 1
#define HAVE_FLOAT_H 1
#define HAVE_STRING_H 1
#define HAVE_CTYPE_H 1
#define HAVE_INTTYPES_H 1
#define HAVE_ASSERT_H 1
#define HAVE_STRINGS_H 1
#define HAVE_STDIO_H 1
#define HAVE_MEMORY_H 1
#define HAVE_STDDEF_H 1
#define HAVE_PTHREAD_H 1
#define HAVE_STDLIB_H 1
#define HAVE_MALLOC 1
#define HAVE_STDLIB_H 1
#define HAVE_REALLOC 1
#define HAVE_ATOF 1
#define HAVE_ATOI 1
#define HAVE_BCMP 1
#define HAVE_CALLOC 1
#define HAVE_CEIL 1
#define HAVE_EXIT 1
#define HAVE_FCLOSE 1
#define HAVE_FFLUSH 1
#define HAVE_FGETS 1
#define HAVE_FLOOR 1
#define HAVE_FOPEN 1
#define HAVE_FPRINTF 1
#define HAVE_FREE 1
#define HAVE_GETTIMEOFDAY 1
#define HAVE_ISSPACE 1
#define HAVE_LOG2 1
#define HAVE_MEMCPY 1
#define HAVE_MEMSET 1
#define HAVE_POW 1
#define HAVE_PRINTF 1
#define HAVE_QSORT 1
#define HAVE_REWIND 1
#define HAVE_STRERROR 1
#define HAVE_STRLEN 1
#define HAVE_STRSTR 1
#define HAVE_STRTOK 1
#define HAVE_LIBPTHREAD 1
#define HAVE_LIBZ 1

configure: exit 0
